<?xml version="1.0" encoding="UTF-8"?>
<!-- Generated by org.testng.reporters.JUnitReportReporter -->
<testsuite hostname="NBBWSD9G3" failures="0" tests="4" name="com.ee.qa.test.HotelBookingFormPageTest" time="29.139" errors="0" timestamp="2021-11-12T12:48:22 SAST" skipped="0">
  <testcase classname="com.ee.qa.test.HotelBookingFormPageTest" name="verifyTitleTest" time="8.005"/>
  <system-out/>
  <testcase classname="com.ee.qa.test.HotelBookingFormPageTest" name="verifyHBFormLabelTest" time="5.260"/>
  <system-out/>
  <testcase classname="com.ee.qa.test.HotelBookingFormPageTest" name="createAbookingTest" time="9.167"/>
  <system-out/>
  <testcase classname="com.ee.qa.test.HotelBookingFormPageTest" name="deleteAbookingTest" time="6.707"/>
  <system-out/>
</testsuite> <!-- com.ee.qa.test.HotelBookingFormPageTest -->
